LaundryCustomer/android/app/build/intermediates/manifest_merge_blame_file/debug/manifest-merger-blame-debug-report.txt
1<?xml version="1.0" encoding="utf-8"?>
2<manifest xmlns:android="http://schemas.android.com/apk/res/android"
3    package="com.foodapp"
4    android:versionCode="1"
5    android:versionName="1.0" >
6
7    <uses-sdk
8        android:minSdkVersion="16"
9        android:targetSdkVersion="28" />
10
11    <uses-permission android:name="android.permission.SYSTEM_ALERT_WINDOW" />
11-->src\debug\AndroidManifest.xml:5:5-77
11-->src\debug\AndroidManifest.xml:5:22-75
12    <uses-permission android:name="android.permission.INTERNET" />
12-->src\main\AndroidManifest.xml:4:5-67
12-->src\main\AndroidManifest.xml:4:22-64
13    <uses-permission android:name="android.permission.CAMERA" />
13-->src\main\AndroidManifest.xml:5:5-64
13-->src\main\AndroidManifest.xml:5:22-62
14    <uses-permission android:name="android.permission.ACCESS_COARSE_LOCATION" />
14-->src\main\AndroidManifest.xml:6:5-80
14-->src\main\AndroidManifest.xml:6:22-78
15    <uses-permission android:name="android.permission.ACCESS_FINE_LOCATION" />
15-->src\main\AndroidManifest.xml:7:5-79
15-->src\main\AndroidManifest.xml:7:22-76
16    <uses-permission android:name="android.permission.ACCESSCOARSELOCATION" />
16-->src\main\AndroidManifest.xml:8:5-78
16-->src\main\AndroidManifest.xml:8:22-76
17    <uses-permission android:name="android.permission.ACCESSFINELOCATION" />
17-->src\main\AndroidManifest.xml:9:5-76
17-->src\main\AndroidManifest.xml:9:22-74
18    <uses-permission android:name="android.permission.ACCESS_WIFI_STATE" />
18-->[com.facebook.flipper:flipper:0.54.0] AndroidManifest.xml:16:5-76
18-->[com.facebook.flipper:flipper:0.54.0] AndroidManifest.xml:16:22-73
19    <uses-permission android:name="android.permission.ACCESS_NETWORK_STATE" />
19-->[:react-native-community_netinfo] AndroidManifest.xml:9:5-79
19-->[:react-native-community_netinfo] AndroidManifest.xml:9:22-76
20
21    <queries>
21-->[:react-native-image-crop-picker] AndroidManifest.xml:10:5-14:15
22        <intent>
22-->[:react-native-image-crop-picker] AndroidManifest.xml:11:9-13:18
23            <action android:name="android.media.action.IMAGE_CAPTURE" />
23-->[:react-native-image-crop-picker] AndroidManifest.xml:12:13-73
23-->[:react-native-image-crop-picker] AndroidManifest.xml:12:21-70
24        </intent>
25    </queries>
26
27    <uses-permission android:name="android.permission.WRITE_EXTERNAL_STORAGE" />
27-->[:react-native-image-crop-picker] AndroidManifest.xml:16:5-81
27-->[:react-native-image-crop-picker] AndroidManifest.xml:16:22-78
28
29    <uses-feature
29-->[com.google.android.gms:play-services-maps:17.0.0] AndroidManifest.xml:26:5-28:35
30        android:glEsVersion="0x00020000"
30-->[com.google.android.gms:play-services-maps:17.0.0] AndroidManifest.xml:27:9-41
31        android:required="true" /> <!-- Required by older versions of Google Play services to create IID tokens -->
31-->[com.google.android.gms:play-services-maps:17.0.0] AndroidManifest.xml:28:9-32
32    <uses-permission android:name="com.google.android.c2dm.permission.RECEIVE" />
32-->[com.google.android.gms:play-services-iid:17.0.0] AndroidManifest.xml:23:5-82
32-->[com.google.android.gms:play-services-iid:17.0.0] AndroidManifest.xml:23:22-79
33    <uses-permission android:name="com.google.android.finsky.permission.BIND_GET_INSTALL_REFERRER_SERVICE" />
33-->[com.android.installreferrer:installreferrer:1.1.2] AndroidManifest.xml:9:5-110
33-->[com.android.installreferrer:installreferrer:1.1.2] AndroidManifest.xml:9:22-107
34
35    <application
35-->src\main\AndroidManifest.xml:11:5-33:19
36        android:name="com.foodapp.MainApplication"
36-->src\main\AndroidManifest.xml:12:7-38
37        android:allowBackup="false"
37-->src\main\AndroidManifest.xml:16:7-34
38        android:appComponentFactory="androidx.core.app.CoreComponentFactory"
38-->[androidx.core:core:1.5.0] AndroidManifest.xml:24:18-86
39        android:debuggable="true"
40        android:icon="@mipmap/ic_launcher"
40-->src\main\AndroidManifest.xml:14:7-41
41        android:label="@string/app_name"
41-->src\main\AndroidManifest.xml:13:7-39
42        android:roundIcon="@mipmap/ic_launcher_round"
42-->src\main\AndroidManifest.xml:15:7-52
43        android:theme="@style/AppTheme"
43-->src\main\AndroidManifest.xml:17:7-38
44        android:usesCleartextTraffic="true" >
44-->src\debug\AndroidManifest.xml:7:18-53
45        <meta-data
45-->src\main\AndroidManifest.xml:18:9-20:70
46            android:name="com.google.android.geo.API_KEY"
46-->src\main\AndroidManifest.xml:19:13-58
47            android:value="AIzaSyANG0-LliP9w-QPFBo1Oz7WyYoXgra2Tcc" />
47-->src\main\AndroidManifest.xml:20:13-68
48
49        <activity
49-->src\main\AndroidManifest.xml:21:7-31:18
50            android:name="com.foodapp.MainActivity"
50-->src\main\AndroidManifest.xml:22:9-37
51            android:configChanges="keyboard|keyboardHidden|orientation|screenSize|uiMode"
51-->src\main\AndroidManifest.xml:24:9-86
52            android:label="@string/app_name"
52-->src\main\AndroidManifest.xml:23:9-41
53            android:launchMode="singleTask"
53-->src\main\AndroidManifest.xml:25:9-40
54            android:windowSoftInputMode="adjustPan" >
54-->src\main\AndroidManifest.xml:26:9-48
55            <intent-filter>
55-->src\main\AndroidManifest.xml:27:9-30:25
56                <action android:name="android.intent.action.MAIN" />
56-->src\main\AndroidManifest.xml:28:13-65
56-->src\main\AndroidManifest.xml:28:21-62
57
58                <category android:name="android.intent.category.LAUNCHER" />
58-->src\main\AndroidManifest.xml:29:13-73
58-->src\main\AndroidManifest.xml:29:23-70
59            </intent-filter>
60        </activity>
61        <activity android:name="com.facebook.react.devsupport.DevSettingsActivity" />
61-->src\main\AndroidManifest.xml:32:7-84
61-->src\main\AndroidManifest.xml:32:17-81
62
63        <receiver
63-->[:react-native-device-info] AndroidManifest.xml:13:9-22:20
64            android:name="com.learnium.RNDeviceInfo.RNDeviceReceiver"
64-->[:react-native-device-info] AndroidManifest.xml:14:13-70
65            android:enabled="true"
65-->[:react-native-device-info] AndroidManifest.xml:15:13-35
66            android:exported="true"
66-->[:react-native-device-info] AndroidManifest.xml:16:13-36
67            android:permission="android.permission.INSTALL_PACKAGES" >
67-->[:react-native-device-info] AndroidManifest.xml:17:13-69
68            <intent-filter>
68-->[:react-native-device-info] AndroidManifest.xml:19:13-21:29
69                <action android:name="com.android.vending.INSTALL_REFERRER" />
69-->[:react-native-device-info] AndroidManifest.xml:20:17-79
69-->[:react-native-device-info] AndroidManifest.xml:20:25-76
70            </intent-filter>
71        </receiver>
72
73        <provider
73-->[:react-native-image-crop-picker] AndroidManifest.xml:19:9-27:20
74            android:name="androidx.core.content.FileProvider"
74-->[:react-native-image-crop-picker] AndroidManifest.xml:20:13-62
75            android:authorities="com.foodapp.provider"
75-->[:react-native-image-crop-picker] AndroidManifest.xml:21:13-60
76            android:exported="false"
76-->[:react-native-image-crop-picker] AndroidManifest.xml:22:13-37
77            android:grantUriPermissions="true" >
77-->[:react-native-image-crop-picker] AndroidManifest.xml:23:13-47
78            <meta-data
78-->[:react-native-image-crop-picker] AndroidManifest.xml:24:13-26:58
79                android:name="android.support.FILE_PROVIDER_PATHS"
79-->[:react-native-image-crop-picker] AndroidManifest.xml:25:17-67
80                android:resource="@xml/provider_paths" />
80-->[:react-native-image-crop-picker] AndroidManifest.xml:26:17-55
81        </provider>
82
83        <activity
83-->[:react-native-image-crop-picker] AndroidManifest.xml:29:9-31:72
84            android:name="com.yalantis.ucrop.UCropActivity"
84-->[:react-native-image-crop-picker] AndroidManifest.xml:30:13-60
85            android:theme="@style/Theme.AppCompat.Light.NoActionBar" />
85-->[:react-native-image-crop-picker] AndroidManifest.xml:31:13-69
86
87        <provider
87-->[:react-native-share] AndroidManifest.xml:10:9-18:20
88            android:name="cl.json.RNShareFileProvider"
88-->[:react-native-share] AndroidManifest.xml:11:13-55
89            android:authorities="com.foodapp.rnshare.fileprovider"
89-->[:react-native-share] AndroidManifest.xml:12:13-72
90            android:exported="false"
90-->[:react-native-share] AndroidManifest.xml:13:13-37
91            android:grantUriPermissions="true" >
91-->[:react-native-share] AndroidManifest.xml:14:13-47
92            <meta-data
92-->[:react-native-image-crop-picker] AndroidManifest.xml:24:13-26:58
93                android:name="android.support.FILE_PROVIDER_PATHS"
93-->[:react-native-image-crop-picker] AndroidManifest.xml:25:17-67
94                android:resource="@xml/share_download_paths" />
94-->[:react-native-image-crop-picker] AndroidManifest.xml:26:17-55
95        </provider> <!-- Needs to be explicitly declared on P+ -->
96        <uses-library
96-->[com.google.android.gms:play-services-maps:17.0.0] AndroidManifest.xml:33:9-35:40
97            android:name="org.apache.http.legacy"
97-->[com.google.android.gms:play-services-maps:17.0.0] AndroidManifest.xml:34:13-50
98            android:required="false" />
98-->[com.google.android.gms:play-services-maps:17.0.0] AndroidManifest.xml:35:13-37
99
100        <activity
100-->[com.google.android.gms:play-services-base:17.2.1] AndroidManifest.xml:23:9-26:75
101            android:name="com.google.android.gms.common.api.GoogleApiActivity"
101-->[com.google.android.gms:play-services-base:17.2.1] AndroidManifest.xml:24:13-79
102            android:exported="false"
102-->[com.google.android.gms:play-services-base:17.2.1] AndroidManifest.xml:25:13-37
103            android:theme="@android:style/Theme.Translucent.NoTitleBar" />
103-->[com.google.android.gms:play-services-base:17.2.1] AndroidManifest.xml:26:13-72
104
105        <meta-data
105-->[com.github.bumptech.glide:okhttp3-integration:4.11.0] AndroidManifest.xml:11:9-13:43
106            android:name="com.bumptech.glide.integration.okhttp3.OkHttpGlideModule"
106-->[com.github.bumptech.glide:okhttp3-integration:4.11.0] AndroidManifest.xml:12:13-84
107            android:value="GlideModule" />
107-->[com.github.bumptech.glide:okhttp3-integration:4.11.0] AndroidManifest.xml:13:13-40
108        <meta-data
108-->[com.google.maps.android:android-maps-utils:0.5] AndroidManifest.xml:8:9-10:69
109            android:name="com.google.android.gms.version"
109-->[com.google.maps.android:android-maps-utils:0.5] AndroidManifest.xml:9:13-58
110            android:value="@integer/google_play_services_version" />
110-->[com.google.maps.android:android-maps-utils:0.5] AndroidManifest.xml:10:13-66
111    </application>
112
113</manifest>